2021-02-23 12:31:03 Error: [MissingControllerException] Controller class AlumnosController could not be found.
Exception Attributes: array (
  'class' => 'AlumnosController',
  'plugin' => NULL,
)
Request URL: /Asier/cakephp-2.10.24/alumnos
Stack Trace:
#0 C:\xampp\htdocs\Asier\cakephp-2.10.24\app\webroot\index.php(117): Dispatcher->dispatch(Object(CakeRequest), Object(CakeResponse))
#1 {main}
2021-02-23 17:30:17 Error: [MissingActionException] Action AlumnosController::display() could not be found.
Exception Attributes: array (
  'controller' => 'AlumnosController',
  'action' => 'display',
)
Request URL: /Asier/Curso_Management/
Stack Trace:
#0 D:\xampp_\htdocs\Asier\Curso_Management\lib\Cake\Routing\Dispatcher.php(193): Controller->invokeAction(Object(CakeRequest))
#1 D:\xampp_\htdocs\Asier\Curso_Management\lib\Cake\Routing\Dispatcher.php(167): Dispatcher->_invoke(Object(AlumnosController), Object(CakeRequest))
#2 D:\xampp_\htdocs\Asier\Curso_Management\app\webroot\index.php(117): Dispatcher->dispatch(Object(CakeRequest), Object(CakeResponse))
#3 {main}
